<?xml version="1.0" encoding="UTF-8" standalone="no"?>
<testsuite failures="0" name="cucumber.runtime.formatter.JUnitFormatter" skipped="0" tests="1" time="9.104232">
    <testcase classname="Google Page Test" name="Google page Search" time="9.104232">
        <system-out>
            <![CDATA[Given Open Web Page.........................................................passed
Then Populate the UserName field............................................passed
Then Populate the Password field............................................passed
And Click on the Login button...............................................passed
Then Close the Web Page.....................................................passed
]]>
        </system-out>
    </testcase>
</testsuite>
